<?xml version="1.0" encoding="UTF-8"?>
<!-- Generated by org.testng.reporters.JUnitReportReporter -->
<testsuite skipped="0" hostname="DESKTOP-0FSTDRC" name="com.freshproposals.selenium.Signature_Duplicate_Template" tests="7" failures="0" timestamp="2020-12-09T17:42:25 IST" time="41.546" errors="0">
  <testcase name="SetUnmPwd" time="0.442" classname="com.freshproposals.selenium.Signature_Duplicate_Template"/>
  <testcase name="open_Template" time="34.578" classname="com.freshproposals.selenium.Signature_Duplicate_Template"/>
  <testcase name="width" time="0.497" classname="com.freshproposals.selenium.Signature_Duplicate_Template"/>
  <testcase name="assert_width_1" time="0.122" classname="com.freshproposals.selenium.Signature_Duplicate_Template"/>
  <testcase name="duplicate" time="2.397" classname="com.freshproposals.selenium.Signature_Duplicate_Template"/>
  <testcase name="DragDrop" time="3.408" classname="com.freshproposals.selenium.Signature_Duplicate_Template"/>
  <testcase name="assert_width_2" time="0.102" classname="com.freshproposals.selenium.Signature_Duplicate_Template"/>
</testsuite> <!-- com.freshproposals.selenium.Signature_Duplicate_Template -->
