<?xml version="1.0" encoding="UTF-8"?>
<!-- Generated by org.testng.reporters.JUnitReportReporter -->
<testsuite skipped="0" hostname="DESKTOP-0FSTDRC" name="com.freshproposals.selenium.FontPropertiesInSection" tests="13" failures="0" timestamp="2020-05-01T16:55:29 IST" time="90.008" errors="0">
  <testcase name="SetUnmPwd" time="0.519" classname="com.freshproposals.selenium.FontPropertiesInSection"/>
  <testcase name="FontPropertiesHeading1" time="24.945" classname="com.freshproposals.selenium.FontPropertiesInSection"/>
  <testcase name="Heading1PropertiesInPreview" time="6.416" classname="com.freshproposals.selenium.FontPropertiesInSection"/>
  <testcase name="FontPropertiesHeading2" time="5.791" classname="com.freshproposals.selenium.FontPropertiesInSection"/>
  <testcase name="FontPropertiesHeading2Preview" time="5.721" classname="com.freshproposals.selenium.FontPropertiesInSection"/>
  <testcase name="Heading3Properties" time="5.961" classname="com.freshproposals.selenium.FontPropertiesInSection"/>
  <testcase name="Heading3PropertiesInPreview" time="5.806" classname="com.freshproposals.selenium.FontPropertiesInSection"/>
  <testcase name="Heading4FontProperties" time="5.733" classname="com.freshproposals.selenium.FontPropertiesInSection"/>
  <testcase name="Heading4FontPropertiesInPreview" time="5.869" classname="com.freshproposals.selenium.FontPropertiesInSection"/>
  <testcase name="FontBodyProperties" time="5.791" classname="com.freshproposals.selenium.FontPropertiesInSection"/>
  <testcase name="FontBodyPropertiesInPreview" time="5.776" classname="com.freshproposals.selenium.FontPropertiesInSection"/>
  <testcase name="FontQuoteProperties" time="5.838" classname="com.freshproposals.selenium.FontPropertiesInSection"/>
  <testcase name="FontQuotePropertiesInPreview" time="5.842" classname="com.freshproposals.selenium.FontPropertiesInSection"/>
</testsuite> <!-- com.freshproposals.selenium.FontPropertiesInSection -->
