<?xml version="1.0" encoding="UTF-8"?>
<!-- Generated by org.testng.reporters.JUnitReportReporter -->
<testsuite skipped="0" hostname="DESKTOP-0FSTDRC" name="com.freshproposals.selenium.Rectangle_Duplicate_Template" tests="7" failures="0" timestamp="2020-12-09T15:38:18 IST" time="42.326" errors="0">
  <testcase name="SetUnmPwd" time="0.560" classname="com.freshproposals.selenium.Rectangle_Duplicate_Template"/>
  <testcase name="open_Template" time="35.090" classname="com.freshproposals.selenium.Rectangle_Duplicate_Template"/>
  <testcase name="width" time="0.502" classname="com.freshproposals.selenium.Rectangle_Duplicate_Template"/>
  <testcase name="assert_width_1" time="0.115" classname="com.freshproposals.selenium.Rectangle_Duplicate_Template"/>
  <testcase name="duplicate" time="2.469" classname="com.freshproposals.selenium.Rectangle_Duplicate_Template"/>
  <testcase name="DragDrop" time="3.478" classname="com.freshproposals.selenium.Rectangle_Duplicate_Template"/>
  <testcase name="assert_width_2" time="0.112" classname="com.freshproposals.selenium.Rectangle_Duplicate_Template"/>
</testsuite> <!-- com.freshproposals.selenium.Rectangle_Duplicate_Template -->
