<?xml version="1.0" encoding="UTF-8"?>
<!-- Generated by org.testng.reporters.JUnitReportReporter -->
<testsuite skipped="0" hostname="DESKTOP-0FSTDRC" name="com.freshproposals.selenium.ContentTable" tests="6" failures="0" timestamp="2020-11-14T18:16:26 IST" time="52.929" errors="0">
  <testcase name="SetUnmPwd" time="0.490" classname="com.freshproposals.selenium.ContentTable"/>
  <testcase name="openExistingData" time="41.320" classname="com.freshproposals.selenium.ContentTable"/>
  <testcase name="ct" time="5.133" classname="com.freshproposals.selenium.ContentTable"/>
  <testcase name="header" time="1.884" classname="com.freshproposals.selenium.ContentTable"/>
  <testcase name="body" time="1.723" classname="com.freshproposals.selenium.ContentTable"/>
  <testcase name="footer" time="2.379" classname="com.freshproposals.selenium.ContentTable"/>
</testsuite> <!-- com.freshproposals.selenium.ContentTable -->
