<?xml version="1.0" encoding="UTF-8"?>
<!-- Generated by org.testng.reporters.JUnitReportReporter -->
<testsuite hostname="DESKTOP-SBMGD82" failures="0" tests="2" name="com.freshproposals.selenium.CheckPositionOfTheTextcomponent" time="47.454" errors="0" timestamp="2021-03-07T18:10:14 IST" skipped="0">
  <testcase classname="com.freshproposals.selenium.CheckPositionOfTheTextcomponent" name="SetUnmPwd" time="0.712"/>
  <system-out/>
  <testcase classname="com.freshproposals.selenium.CheckPositionOfTheTextcomponent" name="TextComponentPosition" time="46.742"/>
  <system-out/>
</testsuite> <!-- com.freshproposals.selenium.CheckPositionOfTheTextcomponent -->
