<?xml version="1.0" encoding="UTF-8"?>
<!-- Generated by org.testng.reporters.JUnitReportReporter -->
<testsuite skipped="0" hostname="DESKTOP-0FSTDRC" name="com.freshproposals.selenium.ExistingVariable" tests="2" failures="0" timestamp="2020-05-01T16:55:29 IST" time="59.620" errors="0">
  <testcase name="SetUnmPwd" time="0.550" classname="com.freshproposals.selenium.ExistingVariable"/>
  <testcase name="verifyVeriable" time="59.070" classname="com.freshproposals.selenium.ExistingVariable"/>
</testsuite> <!-- com.freshproposals.selenium.ExistingVariable -->
