<?xml version="1.0" encoding="UTF-8"?>
<!-- Generated by org.testng.reporters.JUnitReportReporter -->
<testsuite skipped="2" hostname="DESKTOP-0FSTDRC" name="com.freshproposals.selenium.Gmail_Testing" tests="4" failures="0" timestamp="2020-10-06T15:24:00 IST" time="66.438" errors="0">
  <testcase name="SetUnmPwd" time="0.632" classname="com.freshproposals.selenium.Gmail_Testing"/>
  <testcase name="ExtendsMethods" time="65.806" classname="com.freshproposals.selenium.Gmail_Testing"/>
  <testcase name="Gmail_login" classname="com.freshproposals.selenium.Gmail_Testing">
    <skipped/>
  </testcase> <!-- Gmail_login -->
  <testcase name="Search" classname="com.freshproposals.selenium.Gmail_Testing">
    <skipped/>
  </testcase> <!-- Search -->
</testsuite> <!-- com.freshproposals.selenium.Gmail_Testing -->
