<?xml version="1.0" encoding="UTF-8"?>
<!-- Generated by org.testng.reporters.JUnitReportReporter -->
<testsuite skipped="0" hostname="DESKTOP-0FSTDRC" name="com.freshproposals.selenium.Ellipse_Duplicate_Proposal" tests="7" failures="0" timestamp="2020-12-09T15:27:08 IST" time="47.661" errors="0">
  <testcase name="SetUnmPwd" time="0.425" classname="com.freshproposals.selenium.Ellipse_Duplicate_Proposal"/>
  <testcase name="openExistingData" time="40.477" classname="com.freshproposals.selenium.Ellipse_Duplicate_Proposal"/>
  <testcase name="width" time="0.421" classname="com.freshproposals.selenium.Ellipse_Duplicate_Proposal"/>
  <testcase name="assert_width_1" time="0.157" classname="com.freshproposals.selenium.Ellipse_Duplicate_Proposal"/>
  <testcase name="duplicate" time="2.571" classname="com.freshproposals.selenium.Ellipse_Duplicate_Proposal"/>
  <testcase name="DragDrop" time="3.495" classname="com.freshproposals.selenium.Ellipse_Duplicate_Proposal"/>
  <testcase name="assert_width_2" time="0.115" classname="com.freshproposals.selenium.Ellipse_Duplicate_Proposal"/>
</testsuite> <!-- com.freshproposals.selenium.Ellipse_Duplicate_Proposal -->
