<?xml version="1.0" encoding="UTF-8"?>
<!-- Generated by org.testng.reporters.JUnitReportReporter -->
<testsuite hostname="DESKTOP-SBMGD82" failures="0" tests="6" name="com.freshproposals.selenium.Image_DragDrop_Position_Template" time="57.904" errors="0" timestamp="2021-03-07T19:24:46 IST" skipped="0">
  <testcase classname="com.freshproposals.selenium.Image_DragDrop_Position_Template" name="SetUnmPwd" time="0.812"/>
  <system-out/>
  <testcase classname="com.freshproposals.selenium.Image_DragDrop_Position_Template" name="openExistTemplate" time="12.632"/>
  <system-out/>
  <testcase classname="com.freshproposals.selenium.Image_DragDrop_Position_Template" name="Get_Position" time="12.738"/>
  <system-out/>
  <testcase classname="com.freshproposals.selenium.Image_DragDrop_Position_Template" name="DragDrop" time="10.082"/>
  <system-out/>
  <testcase classname="com.freshproposals.selenium.Image_DragDrop_Position_Template" name="DragDrop_Get_Position" time="9.645"/>
  <system-out/>
  <testcase classname="com.freshproposals.selenium.Image_DragDrop_Position_Template" name="Reset" time="11.995"/>
  <system-out/>
</testsuite> <!-- com.freshproposals.selenium.Image_DragDrop_Position_Template -->
