<?xml version="1.0" encoding="UTF-8"?>
<!-- Generated by org.testng.reporters.JUnitReportReporter -->
<testsuite skipped="0" hostname="DESKTOP-0FSTDRC" name="com.freshproposals.selenium.Signature_Duplicate_Proposal" tests="7" failures="0" timestamp="2020-12-09T17:41:20 IST" time="47.472" errors="0">
  <testcase name="SetUnmPwd" time="0.456" classname="com.freshproposals.selenium.Signature_Duplicate_Proposal"/>
  <testcase name="openExistingData" time="40.418" classname="com.freshproposals.selenium.Signature_Duplicate_Proposal"/>
  <testcase name="width" time="0.516" classname="com.freshproposals.selenium.Signature_Duplicate_Proposal"/>
  <testcase name="assert_width_1" time="0.105" classname="com.freshproposals.selenium.Signature_Duplicate_Proposal"/>
  <testcase name="duplicate" time="2.467" classname="com.freshproposals.selenium.Signature_Duplicate_Proposal"/>
  <testcase name="DragDrop" time="3.416" classname="com.freshproposals.selenium.Signature_Duplicate_Proposal"/>
  <testcase name="assert_width_2" time="0.094" classname="com.freshproposals.selenium.Signature_Duplicate_Proposal"/>
</testsuite> <!-- com.freshproposals.selenium.Signature_Duplicate_Proposal -->
