<?xml version="1.0" encoding="UTF-8"?>
<!-- Generated by org.testng.reporters.JUnitReportReporter -->
<testsuite skipped="0" hostname="DESKTOP-0FSTDRC" name="com.freshproposals.selenium.Push_Proposal" tests="8" failures="0" timestamp="2020-12-15T20:54:17 IST" time="61.861" errors="0">
  <testcase name="SetUnmPwd" time="0.560" classname="com.freshproposals.selenium.Push_Proposal"/>
  <testcase name="openExistingData" time="33.075" classname="com.freshproposals.selenium.Push_Proposal"/>
  <testcase name="selectPushSection" time="5.593" classname="com.freshproposals.selenium.Push_Proposal"/>
  <testcase name="push" time="0.170" classname="com.freshproposals.selenium.Push_Proposal"/>
  <testcase name="back" time="6.488" classname="com.freshproposals.selenium.Push_Proposal"/>
  <testcase name="contentLibrary" time="7.583" classname="com.freshproposals.selenium.Push_Proposal"/>
  <testcase name="sectionName" time="6.380" classname="com.freshproposals.selenium.Push_Proposal"/>
  <testcase name="Assert" time="2.012" classname="com.freshproposals.selenium.Push_Proposal"/>
</testsuite> <!-- com.freshproposals.selenium.Push_Proposal -->
