<?xml version="1.0" encoding="UTF-8"?>
<!-- Generated by org.testng.reporters.JUnitReportReporter -->
<testsuite skipped="0" hostname="DESKTOP-0FSTDRC" name="com.freshproposals.selenium.DragDrop" tests="22" failures="0" timestamp="2020-10-28T18:03:26 IST" time="90.314" errors="0">
  <testcase name="SetUnmPwd" time="0.511" classname="com.freshproposals.selenium.DragDrop"/>
  <testcase name="openExistData" time="34.329" classname="com.freshproposals.selenium.DragDrop"/>
  <testcase name="dragDropTextBox" time="0.380" classname="com.freshproposals.selenium.DragDrop"/>
  <testcase name="deleteTextBox" time="2.211" classname="com.freshproposals.selenium.DragDrop"/>
  <testcase name="dragDropcontentTable" time="2.315" classname="com.freshproposals.selenium.DragDrop"/>
  <testcase name="deleteContentTable" time="2.144" classname="com.freshproposals.selenium.DragDrop"/>
  <testcase name="dragDropFeesTable" time="2.554" classname="com.freshproposals.selenium.DragDrop"/>
  <testcase name="deleteFeesTable" time="2.182" classname="com.freshproposals.selenium.DragDrop"/>
  <testcase name="dragDropSignature" time="2.166" classname="com.freshproposals.selenium.DragDrop"/>
  <testcase name="deleteSignature" time="2.198" classname="com.freshproposals.selenium.DragDrop"/>
  <testcase name="dragDropRectangle" time="4.407" classname="com.freshproposals.selenium.DragDrop"/>
  <testcase name="deleteRectangle" time="2.214" classname="com.freshproposals.selenium.DragDrop"/>
  <testcase name="dragDropEllipse" time="4.329" classname="com.freshproposals.selenium.DragDrop"/>
  <testcase name="deleteEllipse" time="2.250" classname="com.freshproposals.selenium.DragDrop"/>
  <testcase name="dragDropLine" time="4.336" classname="com.freshproposals.selenium.DragDrop"/>
  <testcase name="deleteLine" time="2.216" classname="com.freshproposals.selenium.DragDrop"/>
  <testcase name="dragDropSquare" time="4.375" classname="com.freshproposals.selenium.DragDrop"/>
  <testcase name="deleteSquare" time="2.179" classname="com.freshproposals.selenium.DragDrop"/>
  <testcase name="dragDropCircle" time="4.357" classname="com.freshproposals.selenium.DragDrop"/>
  <testcase name="deleteCircle" time="2.196" classname="com.freshproposals.selenium.DragDrop"/>
  <testcase name="dragDropTriangle" time="4.324" classname="com.freshproposals.selenium.DragDrop"/>
  <testcase name="deleteTriangle" time="2.141" classname="com.freshproposals.selenium.DragDrop"/>
</testsuite> <!-- com.freshproposals.selenium.DragDrop -->
