<?xml version="1.0" encoding="UTF-8"?>
<!-- Generated by org.testng.reporters.JUnitReportReporter -->
<testsuite skipped="0" hostname="DESKTOP-0FSTDRC" name="com.freshproposals.selenium.FontPropertiesinTemplate" tests="13" failures="0" timestamp="2020-05-01T16:55:29 IST" time="91.128" errors="0">
  <testcase name="SetUnmPwd" time="0.591" classname="com.freshproposals.selenium.FontPropertiesinTemplate"/>
  <testcase name="FontPropertiesHeading1" time="23.975" classname="com.freshproposals.selenium.FontPropertiesinTemplate"/>
  <testcase name="Heading1PropertiesInPreview" time="8.079" classname="com.freshproposals.selenium.FontPropertiesinTemplate"/>
  <testcase name="FontPropertiesHeading2" time="5.916" classname="com.freshproposals.selenium.FontPropertiesinTemplate"/>
  <testcase name="FontPropertiesHeading2Preview" time="5.821" classname="com.freshproposals.selenium.FontPropertiesinTemplate"/>
  <testcase name="Heading3Properties" time="5.823" classname="com.freshproposals.selenium.FontPropertiesinTemplate"/>
  <testcase name="Heading3PropertiesInPreview" time="5.775" classname="com.freshproposals.selenium.FontPropertiesinTemplate"/>
  <testcase name="Heading4FontProperties" time="5.864" classname="com.freshproposals.selenium.FontPropertiesinTemplate"/>
  <testcase name="Heading4FontPropertiesInPreview" time="5.811" classname="com.freshproposals.selenium.FontPropertiesinTemplate"/>
  <testcase name="FontBodyProperties" time="5.891" classname="com.freshproposals.selenium.FontPropertiesinTemplate"/>
  <testcase name="FontBodyPropertiesInPreview" time="5.936" classname="com.freshproposals.selenium.FontPropertiesinTemplate"/>
  <testcase name="FontQuoteProperties" time="5.866" classname="com.freshproposals.selenium.FontPropertiesinTemplate"/>
  <testcase name="FontQuotePropertiesInPreview" time="5.780" classname="com.freshproposals.selenium.FontPropertiesinTemplate"/>
</testsuite> <!-- com.freshproposals.selenium.FontPropertiesinTemplate -->
