<?xml version="1.0" encoding="UTF-8"?>
<!-- Generated by org.testng.reporters.JUnitReportReporter -->
<testsuite skipped="0" hostname="DESKTOP-0FSTDRC" name="com.freshproposals.selenium.Existing_Single_Image_Proposal" tests="28" failures="0" timestamp="2020-12-14T20:12:20 IST" time="63.572" errors="0">
  <testcase name="SetUnmPwd" time="0.534" classname="com.freshproposals.selenium.Existing_Single_Image_Proposal"/>
  <testcase name="openExistingData" time="40.202" classname="com.freshproposals.selenium.Existing_Single_Image_Proposal"/>
  <testcase name="width" time="0.483" classname="com.freshproposals.selenium.Existing_Single_Image_Proposal"/>
  <testcase name="rotate" time="0.177" classname="com.freshproposals.selenium.Existing_Single_Image_Proposal"/>
  <testcase name="background_color" time="0.358" classname="com.freshproposals.selenium.Existing_Single_Image_Proposal"/>
  <testcase name="gradient" time="0.141" classname="com.freshproposals.selenium.Existing_Single_Image_Proposal"/>
  <testcase name="circular" time="0.109" classname="com.freshproposals.selenium.Existing_Single_Image_Proposal"/>
  <testcase name="opacity" time="0.498" classname="com.freshproposals.selenium.Existing_Single_Image_Proposal"/>
  <testcase name="border_click" time="0.215" classname="com.freshproposals.selenium.Existing_Single_Image_Proposal"/>
  <testcase name="border_Width" time="0.994" classname="com.freshproposals.selenium.Existing_Single_Image_Proposal"/>
  <testcase name="shadow_click" time="0.216" classname="com.freshproposals.selenium.Existing_Single_Image_Proposal"/>
  <testcase name="horizontal_length" time="0.289" classname="com.freshproposals.selenium.Existing_Single_Image_Proposal"/>
  <testcase name="vertical_length" time="0.241" classname="com.freshproposals.selenium.Existing_Single_Image_Proposal"/>
  <testcase name="blur_radius" time="0.253" classname="com.freshproposals.selenium.Existing_Single_Image_Proposal"/>
  <testcase name="spread_radius" time="0.266" classname="com.freshproposals.selenium.Existing_Single_Image_Proposal"/>
  <testcase name="padding_click" time="0.158" classname="com.freshproposals.selenium.Existing_Single_Image_Proposal"/>
  <testcase name="padding_top" time="0.181" classname="com.freshproposals.selenium.Existing_Single_Image_Proposal"/>
  <testcase name="padding_bottom" time="0.186" classname="com.freshproposals.selenium.Existing_Single_Image_Proposal"/>
  <testcase name="padding_Left" time="0.176" classname="com.freshproposals.selenium.Existing_Single_Image_Proposal"/>
  <testcase name="padding_right" time="0.168" classname="com.freshproposals.selenium.Existing_Single_Image_Proposal"/>
  <testcase name="flip" time="0.156" classname="com.freshproposals.selenium.Existing_Single_Image_Proposal"/>
  <testcase name="saveAndPreview" time="12.366" classname="com.freshproposals.selenium.Existing_Single_Image_Proposal"/>
  <testcase name="reflect_width" time="5.084" classname="com.freshproposals.selenium.Existing_Single_Image_Proposal"/>
  <testcase name="reflect_shadow" time="0.029" classname="com.freshproposals.selenium.Existing_Single_Image_Proposal"/>
  <testcase name="reflect_padding_top" time="0.024" classname="com.freshproposals.selenium.Existing_Single_Image_Proposal"/>
  <testcase name="reflect_padding_bottom" time="0.023" classname="com.freshproposals.selenium.Existing_Single_Image_Proposal"/>
  <testcase name="reflect_padding_left" time="0.023" classname="com.freshproposals.selenium.Existing_Single_Image_Proposal"/>
  <testcase name="reflect_padding_right" time="0.022" classname="com.freshproposals.selenium.Existing_Single_Image_Proposal"/>
</testsuite> <!-- com.freshproposals.selenium.Existing_Single_Image_Proposal -->
