<?xml version="1.0" encoding="UTF-8"?>
<!-- Generated by org.testng.reporters.JUnitReportReporter -->
<testsuite skipped="0" hostname="DESKTOP-0FSTDRC" name="com.freshproposals.selenium.Image_Duplicate_Section" tests="11" failures="0" timestamp="2020-05-01T16:55:29 IST" time="47.536" errors="0">
  <testcase name="SetUnmPwd" time="0.719" classname="com.freshproposals.selenium.Image_Duplicate_Section"/>
  <testcase name="open_Template" time="9.579" classname="com.freshproposals.selenium.Image_Duplicate_Section"/>
  <testcase name="height_width" time="5.517" classname="com.freshproposals.selenium.Image_Duplicate_Section"/>
  <testcase name="assert_width_1" time="0.242" classname="com.freshproposals.selenium.Image_Duplicate_Section"/>
  <testcase name="duplicate" time="2.417" classname="com.freshproposals.selenium.Image_Duplicate_Section"/>
  <testcase name="DragDrop" time="3.412" classname="com.freshproposals.selenium.Image_Duplicate_Section"/>
  <testcase name="assert_width_2" time="0.118" classname="com.freshproposals.selenium.Image_Duplicate_Section"/>
  <testcase name="Save" time="7.193" classname="com.freshproposals.selenium.Image_Duplicate_Section"/>
  <testcase name="clear" time="7.393" classname="com.freshproposals.selenium.Image_Duplicate_Section"/>
  <testcase name="reset_sign_1" time="3.497" classname="com.freshproposals.selenium.Image_Duplicate_Section"/>
  <testcase name="Save2" time="7.449" classname="com.freshproposals.selenium.Image_Duplicate_Section"/>
</testsuite> <!-- com.freshproposals.selenium.Image_Duplicate_Section -->
