<?xml version="1.0" encoding="UTF-8"?>
<!-- Generated by org.testng.reporters.JUnitReportReporter -->
<testsuite hostname="DESKTOP-SBMGD82" failures="0" tests="6" name="com.freshproposals.selenium.Analytics_Proposal" time="241.838" errors="0" timestamp="2021-03-16T10:00:23 IST" skipped="0">
  <testcase classname="com.freshproposals.selenium.Analytics_Proposal" name="SetUnmPwd" time="1.227"/>
  <system-out/>
  <testcase classname="com.freshproposals.selenium.Analytics_Proposal" name="getData" time="21.931"/>
  <system-out/>
  <testcase classname="com.freshproposals.selenium.Analytics_Proposal" name="copyLink" time="13.657"/>
  <system-out/>
  <testcase classname="com.freshproposals.selenium.Analytics_Proposal" name="sendButton" time="205.008"/>
  <system-out/>
  <testcase classname="com.freshproposals.selenium.Analytics_Proposal" name="Times_View" time="0.013"/>
  <system-out/>
  <testcase classname="com.freshproposals.selenium.Analytics_Proposal" name="Average_Time" time="0.002"/>
  <system-out/>
</testsuite> <!-- com.freshproposals.selenium.Analytics_Proposal -->
