<?xml version="1.0" encoding="UTF-8"?>
<!-- Generated by org.testng.reporters.JUnitReportReporter -->
<testsuite skipped="0" hostname="DESKTOP-0FSTDRC" name="com.freshproposals.selenium.F2B2" tests="5" failures="0" timestamp="2020-12-16T12:52:19 IST" time="33.336" errors="0">
  <testcase name="SetUnmPwd" time="0.593" classname="com.freshproposals.selenium.F2B2"/>
  <testcase name="Backward" time="22.366" classname="com.freshproposals.selenium.F2B2"/>
  <testcase name="Back" time="3.380" classname="com.freshproposals.selenium.F2B2"/>
  <testcase name="Front" time="3.500" classname="com.freshproposals.selenium.F2B2"/>
  <testcase name="Forward" time="3.497" classname="com.freshproposals.selenium.F2B2"/>
</testsuite> <!-- com.freshproposals.selenium.F2B2 -->
