<?xml version="1.0" encoding="UTF-8"?>
<!-- Generated by org.testng.reporters.JUnitReportReporter -->
<testsuite skipped="0" hostname="DESKTOP-0FSTDRC" name="com.freshproposals.selenium.Push_Template" tests="8" failures="0" timestamp="2020-12-15T20:52:53 IST" time="60.359" errors="0">
  <testcase name="SetUnmPwd" time="0.493" classname="com.freshproposals.selenium.Push_Template"/>
  <testcase name="createTemplate" time="31.663" classname="com.freshproposals.selenium.Push_Template"/>
  <testcase name="selectPushSection" time="5.495" classname="com.freshproposals.selenium.Push_Template"/>
  <testcase name="push" time="0.264" classname="com.freshproposals.selenium.Push_Template"/>
  <testcase name="back" time="6.553" classname="com.freshproposals.selenium.Push_Template"/>
  <testcase name="contentLibrary" time="7.569" classname="com.freshproposals.selenium.Push_Template"/>
  <testcase name="sectionName" time="6.319" classname="com.freshproposals.selenium.Push_Template"/>
  <testcase name="Assert" time="2.003" classname="com.freshproposals.selenium.Push_Template"/>
</testsuite> <!-- com.freshproposals.selenium.Push_Template -->
