<?xml version="1.0" encoding="UTF-8"?>
<!-- Generated by org.testng.reporters.JUnitReportReporter -->
<testsuite skipped="3" hostname="DESKTOP-0FSTDRC" name="com.freshproposals.selenium.RectangleandLinepropertiesInSection" tests="5" failures="0" timestamp="2020-05-01T16:55:28 IST" time="64.696" errors="0">
  <testcase name="SetUnmPwd" time="0.651" classname="com.freshproposals.selenium.RectangleandLinepropertiesInSection"/>
  <testcase name="BackgroundColorandGradient" time="64.045" classname="com.freshproposals.selenium.RectangleandLinepropertiesInSection"/>
  <testcase name="RectangleRotationandBorder" classname="com.freshproposals.selenium.RectangleandLinepropertiesInSection">
    <skipped/>
  </testcase> <!-- RectangleRotationandBorder -->
  <testcase name="ChangeRectangleWidthandHeight" classname="com.freshproposals.selenium.RectangleandLinepropertiesInSection">
    <skipped/>
  </testcase> <!-- ChangeRectangleWidthandHeight -->
  <testcase name="LineProperties" classname="com.freshproposals.selenium.RectangleandLinepropertiesInSection">
    <skipped/>
  </testcase> <!-- LineProperties -->
</testsuite> <!-- com.freshproposals.selenium.RectangleandLinepropertiesInSection -->
