<?xml version="1.0" encoding="UTF-8"?>
<!-- Generated by org.testng.reporters.JUnitReportReporter -->
<testsuite skipped="0" hostname="DESKTOP-0FSTDRC" name="com.freshproposals.selenium.ClientContact" tests="6" failures="0" timestamp="2020-12-15T16:33:24 IST" time="82.508" errors="0">
  <testcase name="SetUnmPwd" time="0.553" classname="com.freshproposals.selenium.ClientContact"/>
  <testcase name="CreateNewClient" time="22.047" classname="com.freshproposals.selenium.ClientContact"/>
  <testcase name="CreatenewContact" time="7.702" classname="com.freshproposals.selenium.ClientContact"/>
  <testcase name="ClientUpdated" time="20.801" classname="com.freshproposals.selenium.ClientContact"/>
  <testcase name="ContactUpdated" time="18.024" classname="com.freshproposals.selenium.ClientContact"/>
  <testcase name="ClientDeleted" time="13.381" classname="com.freshproposals.selenium.ClientContact"/>
</testsuite> <!-- com.freshproposals.selenium.ClientContact -->
