<?xml version="1.0" encoding="UTF-8"?>
<!-- Generated by org.testng.reporters.JUnitReportReporter -->
<testsuite skipped="0" hostname="DESKTOP-0FSTDRC" name="com.freshproposals.selenium.Existing_Template" tests="31" failures="0" timestamp="2020-12-09T17:48:52 IST" time="66.511" errors="0">
  <testcase name="SetUnmPwd" time="0.540" classname="com.freshproposals.selenium.Existing_Template"/>
  <testcase name="openWtriteTemplate" time="43.062" classname="com.freshproposals.selenium.Existing_Template"/>
  <testcase name="width" time="0.320" classname="com.freshproposals.selenium.Existing_Template"/>
  <testcase name="height" time="0.239" classname="com.freshproposals.selenium.Existing_Template"/>
  <testcase name="rotate" time="0.240" classname="com.freshproposals.selenium.Existing_Template"/>
  <testcase name="background_color" time="0.476" classname="com.freshproposals.selenium.Existing_Template"/>
  <testcase name="gradient" time="0.142" classname="com.freshproposals.selenium.Existing_Template"/>
  <testcase name="circular" time="0.107" classname="com.freshproposals.selenium.Existing_Template"/>
  <testcase name="opacity" time="0.459" classname="com.freshproposals.selenium.Existing_Template"/>
  <testcase name="corner_click" time="0.127" classname="com.freshproposals.selenium.Existing_Template"/>
  <testcase name="corner_apply" time="0.763" classname="com.freshproposals.selenium.Existing_Template"/>
  <testcase name="border_click" time="0.150" classname="com.freshproposals.selenium.Existing_Template"/>
  <testcase name="border_Width" time="0.225" classname="com.freshproposals.selenium.Existing_Template"/>
  <testcase name="shadow_click" time="0.253" classname="com.freshproposals.selenium.Existing_Template"/>
  <testcase name="horizontal_length" time="0.183" classname="com.freshproposals.selenium.Existing_Template"/>
  <testcase name="vertical_length" time="0.231" classname="com.freshproposals.selenium.Existing_Template"/>
  <testcase name="blur_radius" time="0.199" classname="com.freshproposals.selenium.Existing_Template"/>
  <testcase name="spread_radius" time="0.234" classname="com.freshproposals.selenium.Existing_Template"/>
  <testcase name="padding_click" time="0.148" classname="com.freshproposals.selenium.Existing_Template"/>
  <testcase name="padding_top" time="0.170" classname="com.freshproposals.selenium.Existing_Template"/>
  <testcase name="padding_bottom" time="0.173" classname="com.freshproposals.selenium.Existing_Template"/>
  <testcase name="padding_Left" time="0.175" classname="com.freshproposals.selenium.Existing_Template"/>
  <testcase name="padding_right" time="0.164" classname="com.freshproposals.selenium.Existing_Template"/>
  <testcase name="saveAndPreview" time="12.434" classname="com.freshproposals.selenium.Existing_Template"/>
  <testcase name="reflect_width" time="5.097" classname="com.freshproposals.selenium.Existing_Template"/>
  <testcase name="reflect_height" time="0.039" classname="com.freshproposals.selenium.Existing_Template"/>
  <testcase name="reflect_shadow" time="0.032" classname="com.freshproposals.selenium.Existing_Template"/>
  <testcase name="reflect_padding_top" time="0.043" classname="com.freshproposals.selenium.Existing_Template"/>
  <testcase name="reflect_padding_bottom" time="0.021" classname="com.freshproposals.selenium.Existing_Template"/>
  <testcase name="reflect_padding_left" time="0.022" classname="com.freshproposals.selenium.Existing_Template"/>
  <testcase name="reflect_padding_right" time="0.043" classname="com.freshproposals.selenium.Existing_Template"/>
</testsuite> <!-- com.freshproposals.selenium.Existing_Template -->
