<?xml version="1.0" encoding="UTF-8"?>
<!-- Generated by org.testng.reporters.JUnitReportReporter -->
<testsuite skipped="0" hostname="DESKTOP-0FSTDRC" name="com.freshproposals.selenium.Image_Properties_Template" tests="28" failures="0" timestamp="2020-12-15T19:31:47 IST" time="57.398" errors="0">
  <testcase name="SetUnmPwd" time="0.460" classname="com.freshproposals.selenium.Image_Properties_Template"/>
  <testcase name="openExistingData" time="34.940" classname="com.freshproposals.selenium.Image_Properties_Template"/>
  <testcase name="width" time="0.436" classname="com.freshproposals.selenium.Image_Properties_Template"/>
  <testcase name="rotate" time="0.187" classname="com.freshproposals.selenium.Image_Properties_Template"/>
  <testcase name="background_color" time="0.320" classname="com.freshproposals.selenium.Image_Properties_Template"/>
  <testcase name="gradient" time="0.141" classname="com.freshproposals.selenium.Image_Properties_Template"/>
  <testcase name="circular" time="0.109" classname="com.freshproposals.selenium.Image_Properties_Template"/>
  <testcase name="opacity" time="0.457" classname="com.freshproposals.selenium.Image_Properties_Template"/>
  <testcase name="border_click" time="0.254" classname="com.freshproposals.selenium.Image_Properties_Template"/>
  <testcase name="border_Width" time="0.436" classname="com.freshproposals.selenium.Image_Properties_Template"/>
  <testcase name="shadow_click" time="0.173" classname="com.freshproposals.selenium.Image_Properties_Template"/>
  <testcase name="horizontal_length" time="0.196" classname="com.freshproposals.selenium.Image_Properties_Template"/>
  <testcase name="vertical_length" time="0.261" classname="com.freshproposals.selenium.Image_Properties_Template"/>
  <testcase name="blur_radius" time="0.199" classname="com.freshproposals.selenium.Image_Properties_Template"/>
  <testcase name="spread_radius" time="0.202" classname="com.freshproposals.selenium.Image_Properties_Template"/>
  <testcase name="padding_click" time="0.129" classname="com.freshproposals.selenium.Image_Properties_Template"/>
  <testcase name="padding_top" time="0.187" classname="com.freshproposals.selenium.Image_Properties_Template"/>
  <testcase name="padding_bottom" time="0.193" classname="com.freshproposals.selenium.Image_Properties_Template"/>
  <testcase name="padding_Left" time="0.164" classname="com.freshproposals.selenium.Image_Properties_Template"/>
  <testcase name="padding_right" time="0.164" classname="com.freshproposals.selenium.Image_Properties_Template"/>
  <testcase name="flip" time="0.153" classname="com.freshproposals.selenium.Image_Properties_Template"/>
  <testcase name="saveAndPreview" time="12.442" classname="com.freshproposals.selenium.Image_Properties_Template"/>
  <testcase name="reflect_width" time="5.076" classname="com.freshproposals.selenium.Image_Properties_Template"/>
  <testcase name="reflect_shadow" time="0.021" classname="com.freshproposals.selenium.Image_Properties_Template"/>
  <testcase name="reflect_padding_top" time="0.022" classname="com.freshproposals.selenium.Image_Properties_Template"/>
  <testcase name="reflect_padding_bottom" time="0.031" classname="com.freshproposals.selenium.Image_Properties_Template"/>
  <testcase name="reflect_padding_left" time="0.021" classname="com.freshproposals.selenium.Image_Properties_Template"/>
  <testcase name="reflect_padding_right" time="0.024" classname="com.freshproposals.selenium.Image_Properties_Template"/>
</testsuite> <!-- com.freshproposals.selenium.Image_Properties_Template -->
