<?xml version="1.0" encoding="UTF-8"?>
<!-- Generated by org.testng.reporters.JUnitReportReporter -->
<testsuite skipped="0" hostname="DESKTOP-0FSTDRC" name="com.freshproposals.selenium.Rectangle_Duplicate_Proposal" tests="7" failures="0" timestamp="2020-12-09T15:37:07 IST" time="48.055" errors="0">
  <testcase name="SetUnmPwd" time="0.592" classname="com.freshproposals.selenium.Rectangle_Duplicate_Proposal"/>
  <testcase name="openExistingData" time="40.745" classname="com.freshproposals.selenium.Rectangle_Duplicate_Proposal"/>
  <testcase name="width" time="0.463" classname="com.freshproposals.selenium.Rectangle_Duplicate_Proposal"/>
  <testcase name="assert_width_1" time="0.128" classname="com.freshproposals.selenium.Rectangle_Duplicate_Proposal"/>
  <testcase name="duplicate" time="2.523" classname="com.freshproposals.selenium.Rectangle_Duplicate_Proposal"/>
  <testcase name="DragDrop" time="3.527" classname="com.freshproposals.selenium.Rectangle_Duplicate_Proposal"/>
  <testcase name="assert_width_2" time="0.077" classname="com.freshproposals.selenium.Rectangle_Duplicate_Proposal"/>
</testsuite> <!-- com.freshproposals.selenium.Rectangle_Duplicate_Proposal -->
