<?xml version="1.0" encoding="UTF-8"?>
<!-- Generated by org.testng.reporters.JUnitReportReporter -->
<testsuite skipped="0" hostname="DESKTOP-0FSTDRC" name="com.freshproposals.selenium.Ellipse_Duplicate_Template" tests="7" failures="0" timestamp="2020-12-09T15:28:46 IST" time="42.030" errors="0">
  <testcase name="SetUnmPwd" time="0.569" classname="com.freshproposals.selenium.Ellipse_Duplicate_Template"/>
  <testcase name="open_Template" time="34.857" classname="com.freshproposals.selenium.Ellipse_Duplicate_Template"/>
  <testcase name="width" time="0.459" classname="com.freshproposals.selenium.Ellipse_Duplicate_Template"/>
  <testcase name="assert_width_1" time="0.105" classname="com.freshproposals.selenium.Ellipse_Duplicate_Template"/>
  <testcase name="duplicate" time="2.490" classname="com.freshproposals.selenium.Ellipse_Duplicate_Template"/>
  <testcase name="DragDrop" time="3.453" classname="com.freshproposals.selenium.Ellipse_Duplicate_Template"/>
  <testcase name="assert_width_2" time="0.097" classname="com.freshproposals.selenium.Ellipse_Duplicate_Template"/>
</testsuite> <!-- com.freshproposals.selenium.Ellipse_Duplicate_Template -->
