<?xml version="1.0" encoding="UTF-8"?>
<!-- Generated by org.testng.reporters.JUnitReportReporter -->
<testsuite hostname="DESKTOP-SBMGD82" failures="0" tests="7" name="com.freshproposals.selenium.Sanity_1" time="347.790" errors="0" timestamp="2021-03-12T02:08:38 IST" skipped="4">
  <testcase classname="com.freshproposals.selenium.Sanity_1" name="URL" time="7.369"/>
  <system-out/>
  <testcase classname="com.freshproposals.selenium.Sanity_1" name="systemTemplate" time="340.419"/>
  <system-out/>
  <testcase classname="com.freshproposals.selenium.Sanity_1" name="anaytics" time="0.002"/>
  <system-out/>
  <testcase classname="com.freshproposals.selenium.Sanity_1" name="gmailLogin">
    <skipped/>
  </testcase> <!-- gmailLogin -->
  <system-out/>
  <testcase classname="com.freshproposals.selenium.Sanity_1" name="signUpForm">
    <skipped/>
  </testcase> <!-- signUpForm -->
  <system-out/>
  <testcase classname="com.freshproposals.selenium.Sanity_1" name="mailLogin">
    <skipped/>
  </testcase> <!-- mailLogin -->
  <system-out/>
  <testcase classname="com.freshproposals.selenium.Sanity_1" name="signUp">
    <skipped/>
  </testcase> <!-- signUp -->
  <system-out/>
</testsuite> <!-- com.freshproposals.selenium.Sanity_1 -->
