<?xml version="1.0" encoding="UTF-8"?>
<!-- Generated by org.testng.reporters.JUnitReportReporter -->
<testsuite skipped="0" hostname="DESKTOP-0FSTDRC" name="com.freshproposals.selenium.Verify_Position_with_Preview" tests="2" failures="0" timestamp="2020-05-01T16:55:29 IST" time="17.697" errors="0">
  <testcase name="SetUnmPwd" time="0.688" classname="com.freshproposals.selenium.Verify_Position_with_Preview"/>
  <testcase name="openProposal" time="17.009" classname="com.freshproposals.selenium.Verify_Position_with_Preview"/>
</testsuite> <!-- com.freshproposals.selenium.Verify_Position_with_Preview -->
