<?xml version="1.0" encoding="UTF-8"?>
<!-- Generated by org.testng.reporters.JUnitReportReporter -->
<testsuite hostname="DESKTOP-SBMGD82" failures="0" tests="9" name="com.freshproposals.selenium.TextBox_Duplicate_Proposal" time="53.245" errors="0" timestamp="2021-04-16T00:34:15 IST" skipped="2">
  <testcase classname="com.freshproposals.selenium.TextBox_Duplicate_Proposal" name="SetUnmPwd" time="0.827"/>
  <system-out/>
  <testcase classname="com.freshproposals.selenium.TextBox_Duplicate_Proposal" name="open_Template" time="44.740"/>
  <system-out/>
  <testcase classname="com.freshproposals.selenium.TextBox_Duplicate_Proposal" name="width" time="0.508"/>
  <system-out/>
  <testcase classname="com.freshproposals.selenium.TextBox_Duplicate_Proposal" name="assert_width_1" time="0.358"/>
  <system-out/>
  <testcase classname="com.freshproposals.selenium.TextBox_Duplicate_Proposal" name="duplicate" time="2.864"/>
  <system-out/>
  <testcase classname="com.freshproposals.selenium.TextBox_Duplicate_Proposal" name="DragDrop" time="3.584"/>
  <system-out/>
  <testcase classname="com.freshproposals.selenium.TextBox_Duplicate_Proposal" name="assert_width_2" time="0.364"/>
  <system-out/>
  <testcase classname="com.freshproposals.selenium.TextBox_Duplicate_Proposal" name="assert_text_2">
    <skipped/>
  </testcase> <!-- assert_text_2 -->
  <system-out/>
  <testcase classname="com.freshproposals.selenium.TextBox_Duplicate_Proposal" name="assert_text_1">
    <skipped/>
  </testcase> <!-- assert_text_1 -->
  <system-out/>
</testsuite> <!-- com.freshproposals.selenium.TextBox_Duplicate_Proposal -->
