<?xml version="1.0" encoding="UTF-8"?>
<!-- Generated by org.testng.reporters.JUnitReportReporter -->
<testsuite hostname="DESKTOP-SBMGD82" failures="0" tests="4" name="com.freshproposals.selenium.Textbox_Manish" time="89.690" errors="0" timestamp="2021-04-02T10:26:52 IST" skipped="1">
  <testcase classname="com.freshproposals.selenium.Textbox_Manish" name="SetUnmPwd" time="0.727"/>
  <system-out/>
  <testcase classname="com.freshproposals.selenium.Textbox_Manish" name="url" time="17.722"/>
  <system-out/>
  <testcase classname="com.freshproposals.selenium.Textbox_Manish" name="Check_toolbar" time="71.241"/>
  <system-out/>
  <testcase classname="com.freshproposals.selenium.Textbox_Manish" name="bold">
    <skipped/>
  </testcase> <!-- bold -->
  <system-out/>
</testsuite> <!-- com.freshproposals.selenium.Textbox_Manish -->
