<?xml version="1.0" encoding="UTF-8"?>
<!-- Generated by org.testng.reporters.JUnitReportReporter -->
<testsuite hostname="DESKTOP-SBMGD82" failures="0" tests="7" name="com.freshproposals.selenium.Image_Duplicate_Template" time="45.920" errors="0" timestamp="2021-03-07T21:04:12 IST" skipped="0">
  <testcase classname="com.freshproposals.selenium.Image_Duplicate_Template" name="SetUnmPwd" time="0.847"/>
  <system-out/>
  <testcase classname="com.freshproposals.selenium.Image_Duplicate_Template" name="open_Template" time="37.719"/>
  <system-out/>
  <testcase classname="com.freshproposals.selenium.Image_Duplicate_Template" name="width" time="0.696"/>
  <system-out/>
  <testcase classname="com.freshproposals.selenium.Image_Duplicate_Template" name="assert_width_1" time="0.160"/>
  <system-out/>
  <testcase classname="com.freshproposals.selenium.Image_Duplicate_Template" name="duplicate" time="2.740"/>
  <system-out/>
  <testcase classname="com.freshproposals.selenium.Image_Duplicate_Template" name="DragDrop" time="3.619"/>
  <system-out/>
  <testcase classname="com.freshproposals.selenium.Image_Duplicate_Template" name="assert_width_2" time="0.139"/>
  <system-out/>
</testsuite> <!-- com.freshproposals.selenium.Image_Duplicate_Template -->
