<?xml version="1.0" encoding="UTF-8"?>
<!-- Generated by org.testng.reporters.JUnitReportReporter -->
<testsuite hostname="DESKTOP-SBMGD82" failures="0" tests="7" name="com.freshproposals.selenium.Image_Duplicate_Proposal" time="56.754" errors="0" timestamp="2021-03-07T21:01:55 IST" skipped="0">
  <testcase classname="com.freshproposals.selenium.Image_Duplicate_Proposal" name="SetUnmPwd" time="2.354"/>
  <system-out/>
  <testcase classname="com.freshproposals.selenium.Image_Duplicate_Proposal" name="openExistingData" time="46.731"/>
  <system-out/>
  <testcase classname="com.freshproposals.selenium.Image_Duplicate_Proposal" name="width" time="0.671"/>
  <system-out/>
  <testcase classname="com.freshproposals.selenium.Image_Duplicate_Proposal" name="assert_width_1" time="0.215"/>
  <system-out/>
  <testcase classname="com.freshproposals.selenium.Image_Duplicate_Proposal" name="duplicate" time="3.024"/>
  <system-out/>
  <testcase classname="com.freshproposals.selenium.Image_Duplicate_Proposal" name="DragDrop" time="3.605"/>
  <system-out/>
  <testcase classname="com.freshproposals.selenium.Image_Duplicate_Proposal" name="assert_width_2" time="0.154"/>
  <system-out/>
</testsuite> <!-- com.freshproposals.selenium.Image_Duplicate_Proposal -->
