<?xml version="1.0" encoding="UTF-8"?>
<!-- Generated by org.testng.reporters.JUnitReportReporter -->
<testsuite skipped="0" hostname="DESKTOP-0FSTDRC" name="com.freshproposals.selenium.FeeTable" tests="8" failures="0" timestamp="2020-11-14T18:16:26 IST" time="53.190" errors="0">
  <testcase name="SetUnmPwd" time="0.437" classname="com.freshproposals.selenium.FeeTable"/>
  <testcase name="addData" time="34.455" classname="com.freshproposals.selenium.FeeTable"/>
  <testcase name="addContent" time="3.095" classname="com.freshproposals.selenium.FeeTable"/>
  <testcase name="feesLibrary" time="6.005" classname="com.freshproposals.selenium.FeeTable"/>
  <testcase name="rowStyle" time="2.540" classname="com.freshproposals.selenium.FeeTable"/>
  <testcase name="tableStyle_header" time="2.062" classname="com.freshproposals.selenium.FeeTable"/>
  <testcase name="tableStyle_body" time="2.113" classname="com.freshproposals.selenium.FeeTable"/>
  <testcase name="tableStyle_footer" time="2.483" classname="com.freshproposals.selenium.FeeTable"/>
</testsuite> <!-- com.freshproposals.selenium.FeeTable -->
